PING google.com(bom12s14-in-x0e.1e100.net (2404:6800:4009:827::200e)) 56 data bytes
64 bytes from bom12s14-in-x0e.1e100.net (2404:6800:4009:827::200e): icmp_seq=1 ttl=118 time=182 ms
64 bytes from bom12s14-in-x0e.1e100.net (2404:6800:4009:827::200e): icmp_seq=2 ttl=118 time=69.5 ms
64 bytes from bom12s14-in-x0e.1e100.net (2404:6800:4009:827::200e): icmp_seq=3 ttl=118 time=35.3 ms
64 bytes from bom12s14-in-x0e.1e100.net (2404:6800:4009:827::200e): icmp_seq=4 ttl=118 time=33.5 ms
64 bytes from bom12s14-in-x0e.1e100.net (2404:6800:4009:827::200e): icmp_seq=5 ttl=118 time=270 ms
64 bytes from bom12s14-in-x0e.1e100.net (2404:6800:4009:827::200e): icmp_seq=7 ttl=118 time=220 ms
64 bytes from bom12s14-in-x0e.1e100.net (2404:6800:4009:827::200e): icmp_seq=8 ttl=118 time=81.9 ms
64 bytes from bom12s14-in-x0e.1e100.net (2404:6800:4009:827::200e): icmp_seq=9 ttl=118 time=348 ms
64 bytes from bom12s14-in-x0e.1e100.net (2404:6800:4009:827::200e): icmp_seq=11 ttl=118 time=148 ms

--- google.com ping statistics ---
12 packets transmitted, 9 received, 25% packet loss, time 11057ms
rtt min/avg/max/mdev = 33.521/154.205/347.953/103.944 ms
PING localhost.com (74.125.224.72) 56(84) bytes of data.

--- localhost.com ping statistics ---
12 packets transmitted, 0 received, 100% packet loss, time 11246ms

=================================================================
<SCRIPT> /home/psychopunk_sage/Code/Lang/SScripts/34_redirect.sh
=================================================================
<SCRIPT> /home/psychopunk_sage/Code/Lang/SScripts/34_redirect.sh
